15 14 16 24 13 25 17 5 12 18 28 38 48 58 68 47 59 57 78 88 87 86 85 84 74 83 75 95 4 82 11 21 31 41 51 52 42 40 61 62 49 94 32 50 76 37 30 69 96 6 3 39 79 20 97 93 60 89 2 10 7 29 8 92 70 53 91 34 65 46
15 14
15 16
15 24
15 5
14 13
14 25
14 4
16 17
24 34
13 12
17 18
5 6
12 11
18 28
28 38
38 48
48 58
48 57
48 49
58 68
58 47
58 59
68 78
47 37
47 46
59 69
78 88
88 87
87 86
86 85
85 84
85 74
85 95
84 83
84 75
84 94
83 82
75 76
75 65
95 96
4 3
11 21
21 31
31 41
41 51
41 52
41 40
51 42
51 61
51 50
52 62
52 53
42 32
40 30
49 39
94 93
50 60
30 20
69 79
96 97
6 7
3 2
39 29
79 89
20 10
93 92
60 70
7 8
92 91