49 50 51 48 52 47 46 45 53 44 54 55 56 43 57 58 42 59 41 60 61 40 62 39 63 38 64 37 65 36 35 66 34 33 67 68 32 69 31 70 71 30 72 29 73 28 74 75 27 76 26 77 78 25 79 80 24 81 23 82 83 22 84 85 86 87 21 88 20 89 19 90 18 91 17 92 16 93 94 15 95 14 13 96 12 97 11 98 10 9 8 7 6 5 4 3 2 1
49 50
49 48
50 51
51 52
48 47
52 53
47 46
46 45
45 44
53 54
44 43
54 55
55 56
56 57
43 42
57 58
58 59
42 41
59 60
41 40
60 61
61 62
40 39
62 63
39 38
63 64
38 37
64 65
37 36
65 66
36 35
35 34
66 67
34 33
33 32
67 68
68 69
32 31
69 70
31 30
70 71
71 72
30 29
72 73
29 28
73 74
28 27
74 75
75 76
27 26
76 77
26 25
77 78
78 79
25 24
79 80
80 81
24 23
81 82
23 22
82 83
83 84
22 21
84 85
85 86
86 87
87 88
21 20
88 89
20 19
89 90
19 18
90 91
18 17
91 92
17 16
92 93
16 15
93 94
94 95
15 14
95 96
14 13
13 12
96 97
12 11
97 98
11 10
10 9
9 8
8 7
7 6
6 5
5 4
4 3
3 2
2 1