50 51 45 60 46 40 47 48 49 59 39 70 44 69 52 30 29 41 58 80 79 20 61 19 89 90 81 10 68 53 18 9 99 31 28 91 82 11 98 86 92 0 97 83 93 17 54 94 12 8 55 13 62 14 5 27 1 78 4 22 36 73 32 63 26 23 77 35 76
50 51
50 60
50 40
51 45
51 52
45 46
45 44
60 70
60 61
46 47
40 30
40 41
47 48
48 49
49 59
49 39
49 36
59 69
59 58
39 29
70 80
69 79
69 68
52 53
30 20
30 31
29 19
29 28
80 90
80 81
80 73
79 89
79 78
20 10
61 62
19 18
19 9
89 99
90 91
81 82
10 11
10 0
53 54
18 17
9 8
99 98
99 86
31 22
31 32
28 27
91 92
82 83
11 12
98 97
92 93
0 1
93 94
54 55
12 13
13 14
62 63
14 5
5 4
27 26
78 77
22 23
36 35
77 76