48 50 51 47 52 45 54 55 44 57 59 42 60 62 40 63 39 37 64 36 66 34 68 33 31 69 70 30 72 28 74 27 75 25 77 24 78 23 80 21 81 19 18 17 83 15 84 14 86 12 10 87 9 88 7 90 92 6 93 5 95 3 96 98 1
48 50
48 47
50 51
51 52
47 45
52 54
45 44
54 55
55 57
44 42
57 59
59 60
42 40
60 62
62 63
40 39
63 64
39 37
37 36
64 66
36 34
66 68
34 33
68 69
33 31
31 30
69 70
70 72
30 28
72 74
28 27
74 75
27 25
75 77
25 24
77 78
24 23
78 80
23 21
80 81
21 19
81 83
19 18
18 17
17 15
83 84
15 14
84 86
14 12
86 87
12 10
10 9
87 88
9 7
88 90
7 6
90 92
92 93
6 5
93 95
5 3
95 96
3 1
96 98