35 3 36 31 2 39 37 4 44 38 28 95 23 87 20 86 94 82 19 83 84 76 17 78 90 21 1 30 27 0 26 42 81 18 80 5 40 41 61 67 14 12 74 16 75 53 9 70 15 71 49 8 98 24 99 93 22 91 56 10 58 11
35 3
35 31
35 95
3 36
36 39
31 2
31 44
39 37
37 4
4 38
38 28
28 1
95 23
95 87
23 94
87 20
20 86
86 27
94 82
82 19
19 83
19 84
83 98
84 76
76 17
17 78
78 90
90 21
1 30
30 58
27 0
0 26
26 42
42 81
42 5
81 18
18 80
80 74
5 40
5 41
40 61
41 67
61 12
67 14
74 16
74 70
16 75
75 53
53 9
70 15
15 71
71 49
49 8
98 24
24 99
99 93
93 22
22 91
91 56
56 10
58 11