49 50 53 48 44 47 54 51 55 46 43 42 56 57 60 41 37 40 61 58 62 39 36 35 63 64 67 34 30 33 68 65 69 32 29 28 70 71 74 27 23 26 75 72 76 25 22 21 77 78 81 20 16 19 82 79 83 18 15 14 84 85 88 13 9 12 89 86 90 11 8 7 91 92 95 6 2 96 93 97 98
49 50
49 48
50 53
53 54
48 44
44 47
47 46
54 51
51 55
55 56
46 43
43 42
42 41
56 57
57 60
60 61
41 37
37 40
40 39
61 58
58 62
62 63
39 36
36 35
35 34
63 64
64 67
67 68
34 30
30 33
33 32
68 65
65 69
69 70
32 29
29 28
28 27
70 71
71 74
74 75
27 23
23 26
26 25
75 72
72 76
76 77
25 22
22 21
21 20
77 78
78 81
81 82
20 16
16 19
19 18
82 79
79 83
83 84
18 15
15 14
14 13
84 85
85 88
88 89
13 9
9 12
12 11
89 86
86 90
90 91
11 8
8 7
7 6
91 92
92 95
95 96
6 2
96 93
93 97
97 98