81 18 50 8 49 99 24 97 71 15 89 21 80 56 10 55 51 78 17 47 7 45 6 44 36 3 34 43 93 22 91 87 20 86 68 14 28 1 29 59 11 58 96 73 64 13 16 74 37 4 39 25 0 26 27 52 9 82 19 41 5
81 18
81 50
81 99
81 71
18 80
50 8
8 49
8 51
49 89
99 24
24 97
97 45
71 15
71 47
89 21
80 56
56 10
10 55
55 78
51 96
78 17
47 7
45 6
45 36
6 44
6 43
44 73
36 3
36 64
3 34
34 28
43 93
93 22
22 91
91 87
87 20
20 86
86 68
86 59
68 14
28 1
1 29
59 11
11 58
58 41
73 16
64 13
16 74
74 37
37 4
4 39
39 25
25 0
0 26
0 27
26 82
27 52
52 9
82 19
41 5