84 85 83 86 87 82 81 80 88 79 89 78 90 91 77 92 76 93 75 94 74 95 73 96 97 98 99 72 0 1 2 3 71 4 5 70 6 69 7 68 8 67 9 10 66 11 12 65 13 64 14 15 63 16 62 17 61 18 60 19 20 59 21 58 22 57 56 23 55 24 54 25 53 52 26 51 50 49 27 48 47 46 28 45 44 43 29 42 41 40 30 39 38 31 37 36 32 33
84 85
84 83
85 86
83 82
86 87
87 88
82 81
81 80
80 79
88 89
79 78
89 90
78 77
90 91
91 92
77 76
92 93
76 75
93 94
75 74
94 95
74 73
95 96
73 72
96 97
97 98
98 99
99 0
72 71
0 1
1 2
2 3
3 4
71 70
4 5
5 6
70 69
6 7
69 68
7 8
68 67
8 9
67 66
9 10
10 11
66 65
11 12
12 13
65 64
13 14
64 63
14 15
15 16
63 62
16 17
62 61
17 18
61 60
18 19
60 59
19 20
20 21
59 58
21 22
58 57
22 23
57 56
56 55
23 24
55 54
24 25
54 53
25 26
53 52
52 51
26 27
51 50
50 49
49 48
27 28
48 47
47 46
46 45
28 29
45 44
44 43
43 42
29 30
42 41
41 40
40 39
30 31
39 38
38 37
31 32
37 36
32 33