22 1 14 7 28 29 2 6 31 32 3 16 34 35 36 9 21 37 5 40 41 42 43 20 46 47 50 10 52 53 17 56 57 11 18 60 63 13 65 67 69 15 71 72 19 73 76 77 78 80 83 84 23 86 89 90 91 93 94 95 99
22 91
22 93
1 28
1 29
14 69
14 67
7 47
7 46
28 60
29 42
29 47
2 32
2 31
6 43
31 36
31 43
32 72
3 34
3 35
3 36
16 73
34 37
35 53
35 83
9 52
9 53
21 90
21 89
5 42
5 40
5 41
40 93
41 71
20 86
46 65
47 76
50 77
10 57
10 56
17 76
17 77
17 78
56 95
57 86
11 60
18 80
63 69
13 65
67 91
15 71
15 72
19 83
19 84
73 86
80 90
84 89
23 94
23 95
93 99
94 99