0 1 15 26 27 28 29 2 13 4 31 32 3 34 23 37 39 21 6 8 9 19 44 45 7 46 47 49 53 54 20 55 11 16 58 59 64 65 66 14 67 68 22 70 72 74 17 76 77 78 18 79 82 84 85 86 89 90 92 93 94 97
0 27
0 26
1 28
1 29
15 70
15 72
26 55
27 74
28 32
29 68
29 85
2 31
2 32
13 64
13 66
13 65
4 37
4 39
31 49
3 34
34 89
23 94
37 54
39 44
21 90
6 44
6 45
8 49
9 54
9 53
19 84
19 82
7 46
7 47
47 78
53 86
53 58
20 85
20 86
55 58
11 59
11 58
16 74
59 65
64 89
14 68
14 67
67 82
22 92
22 93
70 76
72 89
17 76
17 78
17 77
18 79
79 85
84 90
85 97
90 92
93 94