11 68 2 87 51 10 97 34 89 81 79 36 44 83 64 62 6 26 42 55 95 5 8 4 45 82 67 38 73 91 40 80 14 28 70 52 60 20 74 66 17 46 0 53 3 92 58 98 61 37 30 21 27 72 76 50 33 23 12 43 94 86 99 93 39 15 90
11 68
11 87
68 2
68 44
2 36
87 51
87 97
51 10
10 89
10 8
97 34
89 81
81 79
79 64
36 83
44 95
44 0
83 5
64 62
64 6
62 26
26 42
42 55
8 4
8 67
4 45
45 82
67 38
67 28
38 73
73 91
91 40
40 80
80 14
80 60
14 74
14 86
28 70
70 52
52 17
60 20
74 66
17 46
0 53
0 98
53 3
3 92
3 37
92 58
98 61
61 76
37 30
30 21
21 27
21 94
27 72
72 50
50 33
33 23
23 12
12 43
86 99
99 93
93 39
39 15
15 90