0 5 23 25 26 8 2 3 13 31 32 33 34 35 9 14 37 40 42 12 47 49 51 52 54 10 18 55 57 11 59 60 61 62 16 64 65 66 68 69 24 70 74 75 17 76 78 79 80 81 83 84 87 88 94 95 97 98 99
0 25
0 26
5 42
5 40
23 94
23 95
25 65
25 47
26 83
8 49
8 51
2 32
2 31
2 33
3 34
3 35
13 66
13 64
13 65
32 57
33 51
34 70
35 97
9 54
9 52
14 68
14 69
37 59
37 78
40 55
42 80
12 61
12 62
49 64
52 62
10 55
10 57
18 80
18 81
18 79
55 61
11 60
59 79
60 75
16 75
16 74
66 84
69 76
24 97
24 99
24 98
70 94
74 98
17 76
17 78
81 87
83 98
88 99