49 50 48 51 47 52 53 46 54 45 55 44 43 56 42 57 41 58 40 59 39 60 38 61 37 36 62 35 63 64 34 65 66 33 67 32 68 31 69 30 29 70 28 27 71 26 72 73 25 74 24 75 23 76 22 77 78 79 21 80 20 81 19 82 83 18 84 85 17 86 87 16 88 15 89 90 14 91 13 92 12 93 94 95 11 96 10 97 9 8 98 7 6 5 4 3 2 1
49 50
49 48
50 51
48 47
51 52
47 46
52 53
53 54
46 45
54 55
45 44
55 56
44 43
43 42
56 57
42 41
57 58
41 40
58 59
40 39
59 60
39 38
60 61
38 37
61 62
37 36
36 35
62 63
35 34
63 64
64 65
34 33
65 66
66 67
33 32
67 68
32 31
68 69
31 30
69 70
30 29
29 28
70 71
28 27
27 26
71 72
26 25
72 73
73 74
25 24
74 75
24 23
75 76
23 22
76 77
22 21
77 78
78 79
79 80
21 20
80 81
20 19
81 82
19 18
82 83
83 84
18 17
84 85
85 86
17 16
86 87
87 88
16 15
88 89
15 14
89 90
90 91
14 13
91 92
13 12
92 93
12 11
93 94
94 95
95 96
11 10
96 97
10 9
97 98
9 8
8 7
7 6
6 5
5 4
4 3
3 2
2 1