55 5 58 59 56 57 64 9 89 85 86 88 87 20 22 21 82 23 90 83 80 81 63 77 33 49 45 48 47 4 70 74 62 91 66 69 94 42 75 26 29 2 1 84 41 40 44 43 37 35 39 8 11 12 10 14 32 34 31 98 99 19 18 53
55 5
55 58
5 9
5 8
58 59
59 56
56 57
56 90
57 64
64 63
9 89
89 85
85 86
85 88
86 77
88 87
87 20
20 22
20 23
22 21
21 82
82 83
90 91
83 80
83 84
80 81
81 33
63 11
33 49
33 32
49 45
45 48
48 47
48 4
48 19
47 70
4 2
70 74
74 62
62 42
91 66
91 94
66 69
42 75
75 26
26 29
2 1
84 41
41 40
40 44
44 43
43 37
37 35
35 39
11 12
11 53
12 10
10 14
32 34
34 31
31 98
98 99
19 18