1 0 99 2 98 3 97 96 4 95 5 94 6 7 93 8 92 9 91 10 90 11 89 88 12 87 13 86 14 85 15 84 16 17 83 18 82 81 19 80 20 79 21 78 22 23 77 24 76 75 25 74 26 73 27 72 28 29 71 30 70 31 69 68 32 33 67 66 34 35 65 36 64 37 63 38 62 39 61 60 40 41 59 42 58 43 57 44 56 55 45 54 46 47 53 52 48 49
1 0
1 2
0 99
99 98
2 3
98 97
3 4
97 96
96 95
4 5
95 94
5 6
94 93
6 7
7 8
93 92
8 9
92 91
9 10
91 90
10 11
90 89
11 12
89 88
88 87
12 13
87 86
13 14
86 85
14 15
85 84
15 16
84 83
16 17
17 18
83 82
18 19
82 81
81 80
19 20
80 79
20 21
79 78
21 22
78 77
22 23
23 24
77 76
24 25
76 75
75 74
25 26
74 73
26 27
73 72
27 28
72 71
28 29
29 30
71 70
30 31
70 69
31 32
69 68
68 67
32 33
33 34
67 66
66 65
34 35
35 36
65 64
36 37
64 63
37 38
63 62
38 39
62 61
39 40
61 60
60 59
40 41
41 42
59 58
42 43
58 57
43 44
57 56
44 45
56 55
55 54
45 46
54 53
46 47
47 48
53 52
48 49