0 70 58 68 11 54 20 2 92 36 49 74 64 52 23 26 16 22 67 37 90 43 9 17 83 78 27 77 14 39 29 82 71 42 79 75 46 85 13 31 21 45 89 87 86 55 96 60 1 50 57 48 69 40 81 95 19 47 4
0 70
0 58
0 54
70 68
70 49
58 11
58 20
58 92
68 2
11 74
54 23
20 36
20 52
2 64
36 16
36 37
36 90
49 67
74 26
64 22
64 17
64 77
52 83
23 9
23 29
26 43
22 78
22 82
37 39
43 42
9 14
9 79
17 71
83 27
78 75
78 13
27 21
77 85
77 89
39 31
82 96
71 46
42 45
75 60
46 87
46 86
13 57
31 55
21 69
87 1
55 50
55 48
1 40
57 95
48 81
40 47
40 4
81 19