16 17 15 14 18 13 19 20 21 12 22 11 23 10 24 25 9 26 27 8 28 7 29 6 5 4 30 3 2 1 0 99 98 97 96 31 95 94 93 92 32 33 91 34 35 90 36 89 37 88 87 38 86 85 84 39 40 83 41 82 42 81 80 43 79 78 44 45 46 77 47 76 75 74 48 73 49 50 51 52 53 72 54 55 56 57 58 59 60 61 71 62 63 70 64 69 68 67
16 17
16 15
17 18
15 14
14 13
18 19
13 12
19 20
20 21
21 22
12 11
22 23
11 10
23 24
10 9
24 25
25 26
9 8
26 27
27 28
8 7
28 29
7 6
29 30
6 5
5 4
4 3
30 31
3 2
2 1
1 0
0 99
99 98
98 97
97 96
96 95
31 32
95 94
94 93
93 92
92 91
32 33
33 34
91 90
34 35
35 36
90 89
36 37
89 88
37 38
88 87
87 86
38 39
86 85
85 84
84 83
39 40
40 41
83 82
41 42
82 81
42 43
81 80
80 79
43 44
79 78
78 77
44 45
45 46
46 47
77 76
47 48
76 75
75 74
74 73
48 49
73 72
49 50
50 51
51 52
52 53
53 54
72 71
54 55
55 56
56 57
57 58
58 59
59 60
60 61
61 62
71 70
62 63
63 64
70 69
69 68
68 67