0 10 25 27 1 28 30 2 31 33 3 16 20 9 13 34 36 4 39 5 24 40 41 42 18 8 15 50 52 54 21 55 56 57 19 58 12 62 63 65 66 14 23 68 71 73 74 77 80 82 84 85 86 87 89 90 94 96 97 98 99
0 25
0 27
10 55
10 56
10 57
25 73
27 97
1 30
1 28
28 56
30 58
2 31
2 33
31 89
31 77
33 65
3 34
3 36
16 73
16 74
20 87
20 85
20 86
9 54
9 52
13 65
13 66
34 41
4 39
39 85
5 41
5 40
5 42
24 97
24 99
40 50
42 99
18 80
8 50
15 71
52 90
21 89
21 90
55 94
57 65
19 84
19 82
12 63
12 62
62 96
66 74
14 68
23 94
23 96
68 82
71 80
80 98
84 96
86 96
87 98