49 50 51 48 52 47 53 46 54 45 55 44 56 43 57 58 42 59 41 40 60 39 61 62 38 63 37 64 36 35 65 34 66 33 67 68 32 69 31 70 30 29 71 72 28 73 74 27 75 76 26 25 77 24 23 78 22 79 80 21 81 82 83 84 20 85 19 86 87 18 88 17 16 15 14 89 13 90 12 91 92 11 93 10 94 9 95 8 7 96 6 97 5 98 4 3 2 1
49 50
49 48
50 51
51 52
48 47
52 53
47 46
53 54
46 45
54 55
45 44
55 56
44 43
56 57
43 42
57 58
58 59
42 41
59 60
41 40
40 39
60 61
39 38
61 62
62 63
38 37
63 64
37 36
64 65
36 35
35 34
65 66
34 33
66 67
33 32
67 68
68 69
32 31
69 70
31 30
70 71
30 29
29 28
71 72
72 73
28 27
73 74
74 75
27 26
75 76
76 77
26 25
25 24
77 78
24 23
23 22
78 79
22 21
79 80
80 81
21 20
81 82
82 83
83 84
84 85
20 19
85 86
19 18
86 87
87 88
18 17
88 89
17 16
16 15
15 14
14 13
89 90
13 12
90 91
12 11
91 92
92 93
11 10
93 94
10 9
94 95
9 8
95 96
8 7
7 6
96 97
6 5
97 98
5 4
4 3
3 2
2 1