0 6 25 27 1 8 28 29 30 2 14 24 33 3 17 35 21 23 38 5 18 40 41 42 12 45 16 10 19 49 50 51 22 55 56 20 60 63 67 68 69 73 74 75 77 78 79 81 82 83 85 86 88 89 90 91 92 94 98 99
0 25
0 27
6 45
27 83
1 30
1 29
1 28
8 51
8 50
8 49
28 79
29 82
30 99
2 33
14 68
14 67
14 69
24 99
24 98
33 55
3 35
17 78
17 77
35 69
21 88
21 90
21 89
23 94
38 49
5 41
5 40
5 42
18 81
18 79
40 68
41 85
42 60
12 63
45 89
16 75
16 74
16 73
10 56
10 55
19 83
19 82
50 86
51 90
22 92
22 91
56 78
20 85
20 86
60 94
63 85
69 78
74 89
81 88
89 92