67 17 16 65 69 18 15 63 71 19 14 61 73 20 13 59 75 21 12 57 77 22 11 55 79 23 10 53 81 24 9 51 83 25 8 49 85 26 7 47 87 27 6 45 89 28 5 43 91 29 4 41 93 30 3 39 95 31 2 37 97 32 1 35 99
67 17
67 16
17 69
16 65
65 15
69 18
18 71
15 63
63 14
71 19
19 73
14 61
61 13
73 20
20 75
13 59
59 12
75 21
21 77
12 57
57 11
77 22
22 79
11 55
55 10
79 23
23 81
10 53
53 9
81 24
24 83
9 51
51 8
83 25
25 85
8 49
49 7
85 26
26 87
7 47
47 6
87 27
27 89
6 45
45 5
89 28
28 91
5 43
43 4
91 29
29 93
4 41
41 3
93 30
30 95
3 39
39 2
95 31
31 97
2 37
37 1
97 32
32 99
1 35