6 5 4 3 2 1 20 7 8 9 10 11 12 13 14 15 16 17 21 22 23 28 24 85 25 29 30 31 60 48 32 54 33 34 35 36 37 38 39 40 41 76 42 43 44 45 65 56 93 57 49 50 51 90 72 69 96 61 62 80 73 81 82 86 87
6 5
6 7
5 4
4 3
4 20
4 57
4 90
3 2
2 1
1 72
20 21
7 8
8 9
9 10
9 85
10 11
11 12
12 13
13 14
14 15
15 16
16 17
21 22
22 23
23 28
23 24
23 96
28 29
24 25
85 86
29 30
29 76
30 31
31 60
31 48
31 32
60 61
48 49
32 54
32 33
33 34
34 35
34 80
35 36
36 37
37 38
38 39
39 40
40 41
41 42
42 43
43 44
44 45
45 65
45 56
56 93
49 50
50 51
72 69
72 73
61 62
80 81
81 82
86 87