8 9 10 11 7 6 12 5 4 13 3 2 14 1 15 99 98 16 97 96 17 95 94 18 93 19 20 92 21 91 22 90 23 24 89 25 88 26 87 27 86 28 85 29 30 84 31 32 33 83 34 82 81 35 80 36 79 37 78 38 77 39 76 40 41 75 42 43 74 44 45 46 73 47 48 49 50 72 51 71 70 52 69 68 53 67 66 54 65 55 64 63 56 62 57 61 60
8 9
8 7
9 10
10 11
11 12
7 6
6 5
12 13
5 4
4 3
13 14
3 2
2 1
14 15
1 99
15 16
99 98
98 97
16 17
97 96
96 95
17 18
95 94
94 93
18 19
93 92
19 20
20 21
92 91
21 22
91 90
22 23
90 89
23 24
24 25
89 88
25 26
88 87
26 27
87 86
27 28
86 85
28 29
85 84
29 30
30 31
84 83
31 32
32 33
33 34
83 82
34 35
82 81
81 80
35 36
80 79
36 37
79 78
37 38
78 77
38 39
77 76
39 40
76 75
40 41
41 42
75 74
42 43
43 44
74 73
44 45
45 46
46 47
73 72
47 48
48 49
49 50
50 51
72 71
51 52
71 70
70 69
52 53
69 68
68 67
53 54
67 66
66 65
54 55
65 64
55 56
64 63
63 62
56 57
62 61
61 60