48 51 47 52 46 44 54 43 42 55 40 56 39 58 37 59 35 60 34 38 62 61 33 31 67 63 30 69 29 70 26 71 25 72 24 73 23 74 22 77 20 79 19 16 80 18 14 82 12 10 83 8 84 7 85 6 87 5 4 1 88 89 92 94 95 98
48 51
48 47
51 52
47 46
52 54
46 44
44 43
54 55
43 42
42 40
55 56
40 39
56 58
39 37
58 59
37 35
37 38
59 60
35 34
60 62
60 61
34 33
62 67
61 63
33 31
31 30
67 69
30 29
69 70
29 26
70 71
26 25
71 72
25 24
72 73
24 23
73 74
23 22
74 77
22 20
77 79
20 19
79 80
19 16
16 18
16 14
80 82
14 12
82 83
12 10
10 8
83 84
8 7
84 85
7 6
85 87
6 5
87 88
5 4
4 1
88 89
89 92
92 94
94 95
95 98