40 39 30 27 31 38 44 26 25 28 35 36 41 42 34 15 14 5 2 6 13 19 1 0 3 10 11 16 17 60 53 51 50 61 52 56 55 64 63 69 67 66 65 76 75 78 85 86 77 81 80 89 88 91 92 43 68 18 93
40 39
40 60
39 30
30 27
30 38
27 31
27 26
38 44
38 41
38 43
26 25
26 28
25 34
28 35
35 36
36 42
34 15
15 14
14 5
5 2
5 13
2 6
2 1
13 19
13 16
13 18
1 0
1 3
3 10
10 11
11 17
60 53
60 61
53 51
51 50
51 52
61 67
52 56
52 55
55 64
55 63
64 65
63 69
63 66
63 68
65 76
76 75
76 78
76 77
78 85
85 86
86 92
77 81
77 80
80 89
80 88
88 91
88 93