49 1 3 4 5 6 7 8 50 51 52 53 54 55 48 56 57 58 59 9 47 60 61 10 13 62 46 12 17 45 18 44 19 43 20 42 21 41 22 40 23 39 24 38 25 37 26 36 27 35 28 34 29 33 32 63 64 65 66 67 68 69 70 71 72 73 74 75 76 77 78 79 80 81 82 83 84 85 86 87 88 89 90 91 92 93 94 95 96 97 98
49 1
49 3
49 50
49 48
3 4
4 5
5 6
6 7
7 8
8 9
50 51
51 52
52 53
53 54
54 55
55 56
48 47
56 57
57 58
58 59
59 60
9 10
47 46
60 61
61 62
10 13
13 12
62 63
46 45
12 17
17 18
45 44
18 19
44 43
19 20
43 42
20 21
42 41
21 22
41 40
22 23
40 39
23 24
39 38
24 25
38 37
25 26
37 36
26 27
36 35
27 28
35 34
28 29
34 33
33 32
63 64
64 65
65 66
66 67
67 68
68 69
69 70
70 71
71 72
72 73
73 74
74 75
75 76
76 77
77 78
78 79
79 80
80 81
81 82
82 83
83 84
84 85
85 86
86 87
87 88
88 89
89 90
90 91
91 92
92 93
93 94
94 95
95 96
96 97
97 98