40 74 73 56 55 72 57 64 50 65 63 71 51 58 54 70 62 69 39 30 41 31 38 25 48 99 32 29 42 49 37 98 26 43 18 17 19 10 12 16 20 9 13 15 21 2 8 14 22 5 33 44 81 97 80 82 96 76 89 95 77 88 94 90 87
40 74
40 39
40 41
74 73
73 56
73 72
56 55
56 57
55 64
55 50
72 71
57 51
57 58
64 65
64 63
50 54
65 99
63 62
71 70
70 69
39 30
39 38
30 31
30 25
41 42
31 48
31 32
38 29
38 37
25 26
48 49
99 98
32 33
42 43
49 18
98 81
98 97
43 44
18 17
18 19
17 12
17 16
19 10
19 20
10 9
12 13
16 15
20 21
9 2
9 8
13 14
21 22
14 5
81 80
81 82
97 96
80 89
82 76
96 95
76 77
89 88
89 90
95 94
88 87