50 51 49 48 47 46 45 44 42 41 39 38 36 52 53 54 56 57 59 60 61 62 63 64 65 66 67 68 69 71 72 73 74 75 77 78 80 35 33 32 30 29 28 27 26 24 23 22 21 20 19 18 17 15 14 13 12 11 9 8 7 6 5 4 3 2 81 83 84 86 87 88 89 90 91 92 93 95 96 97 98
50 51
50 49
51 52
49 48
48 47
47 46
46 45
45 44
44 42
42 41
41 39
39 38
38 36
36 35
52 53
53 54
54 56
56 57
57 59
59 60
60 61
61 62
62 63
63 64
64 65
65 66
66 67
67 68
68 69
69 71
71 72
72 73
73 74
74 75
75 77
77 78
78 80
80 81
35 33
33 32
32 30
30 29
29 28
28 27
27 26
26 24
24 23
23 22
22 21
21 20
20 19
19 18
18 17
17 15
15 14
14 13
13 12
12 11
11 9
9 8
8 7
7 6
6 5
5 4
4 3
3 2
81 83
83 84
84 86
86 87
87 88
88 89
89 90
90 91
91 92
92 93
93 95
95 96
96 97
97 98