25 28 31 22 34 19 37 16 13 40 10 7 43 4 1 46 49 98 52 55 58 95 61 64 92 67 89 70 86 73 76 79 82 85 88 91 94 97 0 3 6 9 12 15 18 21 24 27 30 33 36 39 42 45 48 51 54 57 60 63 66 69 83 72 80 75 77 74 71 68 65 62 59 56 53 50 47 44 41 38 35 32 29 26 23 20 17 14 11 8 5 2 99 96 93 90 87 84
25 28
25 22
28 31
31 34
22 19
34 37
19 16
37 40
16 13
13 10
40 43
10 7
7 4
43 46
4 1
1 98
46 49
49 52
98 95
52 55
55 58
58 61
95 92
61 64
64 67
92 89
67 70
89 86
70 73
86 83
73 76
76 79
79 82
82 85
85 88
88 91
91 94
94 97
97 0
0 3
3 6
6 9
9 12
12 15
15 18
18 21
21 24
24 27
27 30
30 33
33 36
36 39
39 42
42 45
45 48
48 51
51 54
54 57
57 60
60 63
63 66
66 69
69 72
83 80
72 75
80 77
77 74
74 71
71 68
68 65
65 62
62 59
59 56
56 53
53 50
50 47
47 44
44 41
41 38
38 35
35 32
32 29
29 26
26 23
23 20
20 17
17 14
14 11
11 8
8 5
5 2
2 99
99 96
96 93
93 90
90 87
87 84