55 88 19 22 45 1 4 15 18 53 33 17 64 84 72 52 41 48 60 61 47 62 98 87 70 66 56 38 13 11 51 10 3 9 20 76 2 7 49 8 6 26 5 27 80 36 35 54 67 37 96 28 12 50 14 31 59 78 21 30 43
55 88
55 19
55 22
55 60
88 1
19 15
19 13
22 45
22 53
45 18
1 4
4 48
4 11
15 96
18 17
18 26
18 27
53 33
33 64
17 28
64 84
84 72
72 52
52 41
52 36
60 61
61 47
61 62
62 98
98 87
87 70
70 66
66 56
56 38
11 51
51 10
10 3
10 14
3 9
3 76
3 7
9 20
20 21
76 2
7 49
49 8
8 6
8 12
6 5
26 31
27 80
36 35
36 59
35 54
54 67
54 37
28 30
12 50
59 78
21 43