0 10 21 27 1 23 16 28 30 2 6 20 31 3 11 34 35 13 40 43 45 7 8 46 48 15 49 51 54 55 58 59 62 19 65 66 14 67 68 69 70 72 75 17 76 77 78 80 24 83 84 87 88 89 90 94 95 98 99
0 27
10 55
21 88
21 89
21 90
27 34
1 28
1 30
23 94
23 95
16 75
28 31
30 94
2 31
6 43
6 45
20 87
3 34
3 35
11 59
11 58
34 43
35 40
35 68
13 66
13 65
7 48
7 46
8 49
8 51
46 76
15 72
15 70
51 98
54 84
54 98
55 89
58 83
59 75
62 89
19 84
19 83
65 88
14 68
14 69
14 67
67 99
67 90
69 77
70 87
17 76
17 78
17 77
80 94
24 99
24 98
83 87
83 95