50 51 48 53 47 54 45 56 44 57 42 59 41 60 62 39 63 65 38 66 36 68 35 33 69 32 71 30 72 74 29 75 27 77 26 24 78 23 80 21 81 20 83 18 17 84 15 14 86 12 87 11 89 9 90 8 92 93 6 95 5 96 98 3 2
50 51
50 48
51 53
48 47
53 54
47 45
54 56
45 44
56 57
44 42
57 59
42 41
59 60
41 39
60 62
62 63
39 38
63 65
65 66
38 36
66 68
36 35
68 69
35 33
33 32
69 71
32 30
71 72
30 29
72 74
74 75
29 27
75 77
27 26
77 78
26 24
24 23
78 80
23 21
80 81
21 20
81 83
20 18
83 84
18 17
17 15
84 86
15 14
14 12
86 87
12 11
87 89
11 9
89 90
9 8
90 92
8 6
92 93
93 95
6 5
95 96
5 3
96 98
3 2