46 85 48 39 11 66 24 93 35 61 2 14 62 40 34 1 59 45 20 79 28 75 16 0 33 44 30 42 13 10 3 27 29 55 17 77 94 86 84 67 65 88 51 56 83 82 19 98 89 38 80 57 63 7 36 68 12 8 53 32 9 92 5 52 23 50 60 69 58 76 90 26 31 87 49 22 91 97 25 70 43 95 99 41 37 71 96 6 21 18 81 54 73 74 15 64 78 4
46 85
46 48
85 11
48 39
39 24
11 66
66 93
24 35
93 61
35 2
61 14
2 62
14 40
62 34
40 45
34 1
1 59
59 79
45 20
20 28
79 16
28 75
75 0
16 44
0 33
33 30
44 13
30 42
42 10
13 3
10 27
3 29
27 55
29 17
55 86
17 77
77 94
94 84
86 67
84 65
67 56
65 88
88 51
51 83
56 82
83 19
82 89
19 98
98 80
89 38
38 57
80 7
57 63
63 36
7 68
36 12
68 8
12 53
8 32
53 9
32 92
9 5
92 52
5 23
52 60
23 50
50 58
60 69
69 90
58 76
76 26
90 49
26 31
31 87
87 22
49 91
22 25
91 97
97 70
25 95
70 43
43 99
95 41
99 37
41 71
37 96
71 6
96 21
6 18
21 81
18 54
81 73
54 74
73 64
74 15
15 78
64 4