13 66 65 81 18 80 90 21 88 38 4 37 39 82 19 84 29 1 28 40 5 41 26 0 27 70 15 71 67 78 14 68 17 76 93 22 92 63 12 61 62 56 10 98 74 16 73 50 8 94 23 24 97 33 2 86 20 45 6 34 58
13 66
13 65
66 90
65 81
81 18
18 80
80 29
90 21
21 88
88 38
38 4
4 37
4 39
37 98
39 82
82 19
19 84
84 40
29 1
1 28
28 26
40 5
5 41
26 0
0 27
27 70
70 15
15 71
71 67
71 78
67 14
78 17
14 68
68 74
17 76
76 93
93 22
93 63
22 92
92 56
63 12
12 61
12 62
61 50
62 34
56 10
98 24
74 16
16 73
73 94
50 8
94 23
24 97
97 33
97 45
33 2
33 86
86 20
45 6
34 58