35 36 37 85 38 89 60 34 39 40 41 42 84 90 83 91 56 61 33 0 32 43 62 31 30 63 29 28 80 64 27 26 1 25 24 65 69 75 2 23 3 79 4 70 71 66 5 22 81 6 78 7 82 21 72 8 9 92 20 10 11 12 94 19 13 95 18 17 14
35 36
35 60
35 34
36 37
37 85
37 38
85 89
38 39
38 84
89 56
60 61
34 33
39 40
39 83
40 41
40 90
41 42
42 43
90 91
91 0
61 62
61 80
33 32
0 1
32 31
62 63
31 30
30 29
63 64
29 28
28 27
80 79
64 65
64 69
27 26
26 25
1 2
25 24
25 75
24 23
65 66
69 70
2 3
23 22
3 4
79 78
4 5
70 71
70 81
71 72
5 6
22 21
81 82
6 7
7 8
82 92
21 20
8 9
9 10
92 94
20 19
10 11
11 12
12 13
94 95
19 18
13 14
18 17