77 17 36 3 35 51 47 7 48 98 24 97 62 39 4 38 37 86 20 85 64 13 88 21 94 23 96 95 70 15 71 68 14 69 33 2 31 42 5 82 19 78 44 6 45 25 0 73 16 93 22 92 56 10 30 1 81 18 53 9
77 17
77 36
77 51
17 78
36 3
3 35
35 30
51 47
47 7
7 48
48 98
98 24
24 97
97 62
62 39
62 94
62 73
39 4
4 38
4 37
38 88
37 86
86 20
20 85
85 64
64 13
88 21
94 23
23 96
23 95
96 68
96 81
95 70
70 15
15 71
71 42
68 14
14 69
69 33
33 2
2 31
31 82
42 5
82 19
78 44
78 25
44 6
6 45
45 93
25 0
73 16
93 22
93 53
22 92
92 56
56 10
30 1
81 18
53 9