15 45 50 16 14 44 51 43 13 42 17 52 12 41 18 11 53 19 10 20 54 9 40 55 21 8 39 56 7 22 57 38 23 6 58 5 4 24 37 3 59 2 25 36 1 60 0 61 35 26 69 34 62 68 27 33 63 28 67 32 64 29
15 45
15 50
15 16
15 14
45 44
50 51
16 17
14 13
44 43
51 52
43 42
13 12
42 41
17 18
52 53
12 11
41 40
18 19
11 10
53 54
19 20
10 9
20 21
54 55
9 8
40 39
55 56
21 22
8 7
39 38
56 57
7 6
22 23
57 58
38 37
23 24
6 5
58 59
5 4
4 3
24 25
37 36
3 2
59 60
2 1
25 26
36 35
1 0
60 61
0 69
61 62
35 34
26 27
69 68
34 33
62 63
68 67
27 28
33 32
63 64
28 29