49 50 48 47 46 59 45 60 52 44 43 62 42 41 63 55 40 67 57 39 53 38 37 68 64 36 35 69 34 72 33 65 32 73 31 30 74 29 27 25 75 76 24 26 77 79 23 80 81 22 82 19 83 18 84 17 85 13 86 12 87 10 14 88 9 89 0 90 15 2 91 5 7 3 92 93 94 95 96 97 98
49 50
49 48
50 59
50 52
48 47
47 46
46 45
59 60
45 44
60 62
52 55
52 53
44 43
43 42
62 63
62 64
42 41
41 40
63 67
55 57
40 39
67 68
39 38
38 37
37 36
68 69
64 65
36 35
35 34
69 72
34 33
72 73
33 32
32 31
73 74
31 30
30 29
74 75
74 76
29 27
27 25
25 24
25 26
75 77
24 23
77 79
79 80
23 22
80 81
81 82
22 19
82 83
19 18
83 84
18 17
84 85
17 13
85 86
13 12
86 87
12 10
12 14
87 88
10 9
14 15
88 89
9 0
89 90
0 2
90 91
2 5
2 3
91 92
5 7
92 93
93 94
94 95
95 96
96 97
97 98