60 59 58 93 92 32 94 95 33 57 56 15 16 96 13 14 91 90 89 37 38 5 4 3 17 18 19 83 82 29 20 0 67 68 69 70 71 66 79 12 11 10 41 26 25 74 30 86 24 23 53 22 77 46 47 76 50 40 39 64 63
60 59
60 93
59 58
59 37
58 57
58 67
93 92
93 94
92 32
32 33
94 95
95 96
57 56
57 15
56 50
15 16
16 91
16 17
96 13
13 14
13 12
91 90
90 89
89 0
37 38
38 5
5 4
4 3
17 18
18 19
19 83
19 20
83 82
82 29
29 30
20 46
67 68
67 66
68 69
69 70
70 71
66 79
12 11
12 41
11 10
10 26
41 40
26 25
25 74
25 24
30 86
24 23
23 53
23 22
22 77
77 76
46 47
40 39
39 64
64 63