72 61 71 60 62 70 73 33 69 68 67 63 5 34 6 64 4 32 26 99 88 77 84 20 89 83 82 41 40 10 9 92 87 42 90 50 3 51 81 93 59 76 31 11 78 98 21 35 39 52 27 45 22 94 49 97 36 58 53 23 12 18 28 57 17 54 46 13 16
72 61
72 71
72 73
72 33
72 99
61 60
61 62
71 70
71 26
60 34
60 20
60 59
62 63
70 69
33 32
69 68
68 67
67 5
67 77
63 64
5 6
5 4
34 35
4 88
4 3
32 84
32 31
26 27
99 98
88 89
88 87
77 76
77 78
84 83
20 21
89 90
83 82
82 41
82 81
41 40
41 42
40 10
40 39
10 9
10 92
10 11
92 93
90 50
90 45
50 51
50 49
51 52
93 94
59 58
11 12
98 97
21 22
35 36
52 53
27 28
45 46
22 23
58 57
53 54
23 18
12 13
18 17
17 16