0 19 12 25 26 1 15 29 30 21 9 3 35 36 4 14 13 38 16 24 40 18 46 51 11 52 53 54 10 23 55 57 58 59 60 17 61 62 64 65 66 67 69 71 72 73 74 75 22 76 77 79 82 83 90 92 94 96 97 98 99
0 26
0 25
19 83
19 82
12 62
12 61
25 74
25 57
26 94
1 30
1 29
15 72
15 71
29 54
30 58
21 90
9 54
9 52
9 53
3 35
3 36
36 61
36 73
4 38
14 67
14 69
13 66
13 64
13 65
38 98
16 75
16 74
16 73
24 97
24 98
24 99
40 65
18 79
46 74
51 82
11 59
11 58
11 60
10 57
10 55
23 96
23 94
59 66
60 99
17 76
17 77
62 90
66 69
71 77
72 75
74 92
22 92
77 79
83 99
90 99