25 15 14 5 35 46 45 24 16 44 4 3 33 32 6 53 27 41 50 60 71 72 80 81 82 83 84 74 62 93 94 52 64 54 55 85 66 76 86 92 43 56 67 98 47 38 2 57 48 58 69 59 49 68 8 1 0 10 20 21 88 89
25 15
25 35
25 24
15 14
15 16
14 5
14 4
5 6
35 46
46 45
46 56
45 44
24 33
16 27
44 53
4 3
3 2
33 32
32 41
27 8
41 50
41 52
50 60
60 71
71 72
71 80
71 62
72 84
80 81
81 82
82 83
83 93
83 92
84 74
74 64
93 94
94 85
52 43
64 54
54 55
55 66
66 76
76 86
56 67
56 47
67 98
67 57
67 68
98 88
47 38
2 1
57 48
48 58
58 69
69 59
59 49
1 0
0 10
10 20
20 21
88 89