50 49 48 47 46 45 44 43 51 42 99 41 40 52 39 38 37 53 36 35 34 33 54 32 55 56 57 31 30 29 28 27 58 26 59 60 25 61 24 23 22 62 21 20 63 19 18 64 17 65 16 66 15 67 14 13 12 11 68 10 9 69 8 98 7 70 6 5 71 4 72 73 3 74 75 76 2 1 77 97 78 96 95 94 93 92 91 90 89 79 88 87 86 85 84 83 82
50 49
50 51
50 99
49 48
48 47
47 46
46 45
45 44
44 43
43 42
51 52
42 41
99 98
41 40
40 39
52 53
39 38
38 37
37 36
53 54
36 35
35 34
34 33
33 32
54 55
32 31
55 56
56 57
57 58
31 30
30 29
29 28
28 27
27 26
58 59
26 25
59 60
60 61
25 24
61 62
24 23
23 22
22 21
62 63
21 20
20 19
63 64
19 18
18 17
64 65
17 16
65 66
16 15
66 67
15 14
67 68
14 13
13 12
12 11
11 10
68 69
10 9
9 8
69 70
8 7
98 97
7 6
70 71
6 5
5 4
71 72
4 3
72 73
73 74
3 2
74 75
75 76
76 77
2 1
77 78
97 96
78 79
96 95
95 94
94 93
93 92
92 91
91 90
90 89
89 88
88 87
87 86
86 85
85 84
84 83
83 82