44 45 54 55 43 46 53 56 34 35 64 65 42 47 52 57 33 36 63 66 32 37 62 67 24 25 74 75 41 48 51 58 23 26 73 76 31 38 61 68 22 27 72 77 14 15 84 85 13 16 21 28 71 78 83 86 12 17 82 87 20 29 70 79 11 18 81 88 10 19 80 89
44 45
44 54
44 43
44 34
45 46
45 35
54 55
54 53
54 64
55 56
55 65
43 42
43 33
46 47
46 36
53 52
53 63
56 57
56 66
34 24
35 25
64 74
65 75
42 41
47 48
52 51
57 58
33 32
33 23
36 37
36 26
63 62
63 73
66 67
66 76
32 31
32 22
37 38
37 27
62 61
62 72
67 68
67 77
24 14
25 15
74 84
75 85
23 13
26 16
73 83
76 86
31 21
38 28
61 71
68 78
22 12
27 17
72 82
77 87
21 20
21 11
28 29
28 18
71 70
71 81
78 79
78 88
20 10
29 19
70 80
79 89