1 0 3 98 2 99 5 96 4 7 97 94 9 6 92 95 11 8 10 90 13 12 93 88 14 15 86 91 16 84 17 89 18 82 19 20 22 24 87 26 80 28 21 85 23 30 78 83 25 76 32 81 74 27 79 34 29 31 72 77 36 33 70 38 75 68 35 40 66 37 64 73 42 62 71 39 44 69 46 60 58 41 48 56 67 50 65 43 63 45 47 61 59 57 49 55
1 0
1 3
1 99
0 98
0 2
3 5
98 96
2 4
99 97
5 7
96 94
4 6
7 9
97 95
94 92
9 11
6 8
92 90
95 93
11 13
8 10
10 12
90 88
13 15
12 14
93 91
88 86
14 16
15 17
86 84
91 89
16 18
84 82
17 19
89 87
18 20
82 80
19 21
20 22
22 24
24 26
87 85
26 28
80 78
28 30
21 23
85 83
23 25
30 32
78 76
83 81
25 27
76 74
32 34
81 79
74 72
27 29
79 77
34 36
29 31
31 33
72 70
77 75
36 38
33 35
70 68
38 40
75 73
68 66
35 37
40 42
66 64
37 39
64 62
73 71
42 44
62 60
71 69
39 41
44 46
69 67
46 48
60 58
58 56
41 43
48 50
67 65
65 63
43 45
63 61
45 47
47 49
61 59
59 57
57 55